Using device: mps
Loading from cache: data/cache_2000.pkl
Data loaded from cache: 7497931 samples.
Post-load min-games filtering disabled (min_games_in_dataset <= 0).
Train 6566085 val 931846 | players 127109 questions 94681
Game weights: learnable (type, size, mix)
Using tournament true_dl for school/student correction (94681 questions)
Using tournament type (Очник/Синхрон/Асинхрон) for type-dependent dl scale
Tournament dl transform: power gamma=learned, init=2.0
Paired tournaments: 91672 canonical questions (3009 shared across paired packages)

======================================================================
HYPERPARAMETER TUNING: 20 trials, 10 epochs each
======================================================================

Trial  1/20 | val_loss 0.6565 AUC 0.5985 Brier 0.2495 (ep 1) | lr=5.3e-03 bs=256 rθ=1.7e-03 rb=5.4e-04 ra=2.6e-04 rookie=-2.9/τ=30
Trial  2/20 | val_loss 0.6108 AUC 0.6547 Brier 0.2256 (ep 1) | lr=3.2e-03 bs=256 rθ=4.8e-04 rb=1.4e-02 ra=1.3e-02 rookie=-1.0/τ=41
Trial  3/20 | val_loss 0.5584 AUC 0.6929 Brier 0.2161 (ep 6) | lr=8.9e-04 bs=1024 rθ=2.0e-05 rb=1.4e-03 ra=1.2e-03 rookie=-0.2/τ=44
Trial  4/20 | val_loss 0.5489 AUC 0.7047 Brier 0.2155 (ep 1) | lr=3.8e-03 bs=1024 rθ=5.4e-04 rb=1.3e-02 ra=1.4e-04 rookie=-1.9/τ=51
Trial  5/20 | val_loss 0.5935 AUC 0.6430 Brier 0.2338 (ep 1) | lr=1.1e-02 bs=512 rθ=1.3e-04 rb=4.3e-04 ra=6.3e-04 rookie=-2.5/τ=44
Trial  6/20 | val_loss 0.6000 AUC 0.6157 Brier 0.2357 (ep 1) | lr=1.9e-02 bs=512 rθ=1.1e-03 rb=3.4e-02 ra=2.1e-02 rookie=-0.4/τ=61
Trial  7/20 | val_loss 0.5965 AUC 0.6414 Brier 0.2294 (ep 1) | lr=7.1e-03 bs=512 rθ=9.3e-04 rb=1.5e-03 ra=5.5e-02 rookie=-0.8/τ=49
Trial  8/20 | val_loss 0.5541 AUC 0.7086 Brier 0.2119 (ep 2) | lr=4.3e-03 bs=1024 rθ=4.5e-05 rb=9.8e-02 ra=3.4e-03 rookie=-1.3/τ=45
Trial  9/20 | val_loss 0.5404 AUC 0.7090 Brier 0.2112 (ep 4) | lr=4.5e-03 bs=2048 rθ=3.9e-04 rb=8.2e-02 ra=3.8e-02 rookie=-0.8/τ=41
Trial 10/20 | val_loss 0.5829 AUC 0.7056 Brier 0.2131 (ep 1) | lr=1.5e-03 bs=512 rθ=2.3e-04 rb=7.3e-02 ra=4.2e-02 rookie=-0.6/τ=56
Trial 11/20 | val_loss 0.5425 AUC 0.7045 Brier 0.2154 (ep 2) | lr=1.0e-03 bs=1024 rθ=1.9e-03 rb=4.2e-03 ra=2.2e-02 rookie=-0.5/τ=85
Trial 12/20 | val_loss 0.5861 AUC 0.6673 Brier 0.2232 (ep 1) | lr=1.6e-03 bs=256 rθ=5.3e-05 rb=5.0e-03 ra=1.7e-04 rookie=-2.6/τ=53
Trial 13/20 | val_loss 0.6066 AUC 0.6373 Brier 0.2395 (ep 1) | lr=3.8e-03 bs=1024 rθ=3.8e-04 rb=6.6e-03 ra=7.8e-02 rookie=-0.1/τ=68
Trial 14/20 | val_loss 0.5567 AUC 0.6938 Brier 0.2187 (ep 5) | lr=2.5e-03 bs=2048 rθ=2.3e-05 rb=4.7e-04 ra=1.0e-03 rookie=-2.3/τ=91
Trial 15/20 | val_loss 0.7365 AUC 0.5038 Brier 0.2754 (ep 1) | lr=1.2e-02 bs=256 rθ=3.5e-04 rb=6.8e-04 ra=2.9e-03 rookie=-0.7/τ=83
Trial 16/20 | val_loss 0.5877 AUC 0.6656 Brier 0.2230 (ep 1) | lr=1.0e-03 bs=256 rθ=9.5e-04 rb=1.2e-03 ra=1.7e-03 rookie=-1.8/τ=41
Trial 17/20 | val_loss 0.5961 AUC 0.6402 Brier 0.2385 (ep 1) | lr=1.2e-02 bs=512 rθ=3.8e-05 rb=4.1e-03 ra=2.6e-04 rookie=-2.9/τ=100
Trial 18/20 | val_loss 0.6669 AUC 0.5719 Brier 0.2559 (ep 1) | lr=1.1e-02 bs=256 rθ=6.0e-03 rb=3.5e-02 ra=3.2e-04 rookie=-3.0/τ=45
Trial 19/20 | val_loss 0.5623 AUC 0.6520 Brier 0.2277 (ep 1) | lr=1.5e-02 bs=2048 rθ=7.2e-05 rb=1.2e-02 ra=1.6e-02 rookie=-0.2/τ=62
Trial 20/20 | val_loss 0.5740 AUC 0.6643 Brier 0.2231 (ep 2) | lr=3.7e-03 bs=1024 rθ=1.5e-05 rb=5.7e-03 ra=3.2e-03 rookie=-2.8/τ=16

======================================================================
TOP 5 CONFIGURATIONS:
======================================================================

#1 val_loss=0.5404 AUC=0.7090 Brier=0.2112 (epoch 4)
  --lr 4.5042e-03 --batch_size 2048 \
  --reg_theta 3.8667e-04 --reg_b 8.1891e-02 --reg_log_a 3.8224e-02 \
  --reg_type 1.0543e-03 --reg_team_size 2.7634e-02 \
  --reg_gamma 2.3090e-01 --reg_game_weights 1.1856e-02 \
  --grad_clip 5.0 \
  --rookie_floor -0.77 --rookie_tau 40.6

#2 val_loss=0.5425 AUC=0.7045 Brier=0.2154 (epoch 2)
  --lr 1.0414e-03 --batch_size 1024 \
  --reg_theta 1.9388e-03 --reg_b 4.1509e-03 --reg_log_a 2.1671e-02 \
  --reg_type 1.1500e-02 --reg_team_size 1.0026e-03 \
  --reg_gamma 4.4495e-02 --reg_game_weights 1.0938e-03 \
  --grad_clip 5.0 \
  --rookie_floor -0.45 --rookie_tau 84.8

#3 val_loss=0.5489 AUC=0.7047 Brier=0.2155 (epoch 1)
  --lr 3.8315e-03 --batch_size 1024 \
  --reg_theta 5.3958e-04 --reg_b 1.2993e-02 --reg_log_a 1.3724e-04 \
  --reg_type 2.8563e-03 --reg_team_size 3.7912e-03 \
  --reg_gamma 1.4441e-02 --reg_game_weights 2.9213e-03 \
  --grad_clip 1.0 \
  --rookie_floor -1.90 --rookie_tau 50.8

#4 val_loss=0.5541 AUC=0.7086 Brier=0.2119 (epoch 2)
  --lr 4.3035e-03 --batch_size 1024 \
  --reg_theta 4.5495e-05 --reg_b 9.8313e-02 --reg_log_a 3.3774e-03 \
  --reg_type 1.5199e-03 --reg_team_size 1.2423e-03 \
  --reg_gamma 1.6569e-02 --reg_game_weights 1.7984e-02 \
  --grad_clip 10.0 \
  --rookie_floor -1.27 --rookie_tau 44.6

#5 val_loss=0.5567 AUC=0.6938 Brier=0.2187 (epoch 5)
  --lr 2.5167e-03 --batch_size 2048 \
  --reg_theta 2.3068e-05 --reg_b 4.7216e-04 --reg_log_a 1.0334e-03 \
  --reg_type 1.5018e-02 --reg_team_size 2.8856e-03 \
  --reg_gamma 2.7570e-02 --reg_game_weights 1.3867e-03 \
  --grad_clip 1.0 \
  --rookie_floor -2.34 --rookie_tau 91.5

Best trial: #9 with val_loss=0.5404

To run full training with best config:
python train.py --mode db --cache_file data/cache_2000.pkl --lr 4.5042e-03 --batch_size 2048 --reg_theta 3.8667e-04 --reg_b 8.1891e-02 --reg_log_a 3.8224e-02 --reg_type 1.0543e-03 --reg_team_size 2.7634e-02 --reg_gamma 2.3090e-01 --reg_game_weights 1.1856e-02 --grad_clip 5.0 --rookie_floor -0.77 --rookie_tau 40.6
